{"level":"info","message":"Listening at http://localhost:8080"}
{"level":"info","message":"Connected to database"}
{"level":"info","message":"Listening at http://localhost:8080"}
{"level":"info","message":"Connected to database"}
{"level":"info","message":"Listening at http://localhost:8080"}
{"level":"info","message":"Connected to database"}
{"level":"info","message":"GET / 404 139 - 9.320 ms\n"}
{"level":"info","message":"GET /admin/users 200 2 - 48.183 ms\n"}
{"level":"info","message":"GET /favicon.ico 404 150 - 1.678 ms\n"}
{"level":"info","message":"GET /admin/users/1 404 152 - 2.126 ms\n"}
{"level":"info","message":"Listening at http://localhost:8080"}
{"level":"info","message":"Connected to database"}
{"level":"info","message":"GET / 404 139 - 10.432 ms\n"}
{"level":"info","message":"GET /api-doc 404 146 - 2.432 ms\n"}
{"level":"info","message":"GET /api-docs 301 183 - 5.221 ms\n"}
{"level":"info","message":"GET /api-docs/ 200 3103 - 3.690 ms\n"}
{"level":"info","message":"GET /api-docs/swagger-ui-init.js 200 2566 - 0.527 ms\n"}
{"level":"info","message":"GET /api-docs/swagger-ui.css 200 143980 - 26.499 ms\n"}
{"level":"info","message":"GET /api-docs/swagger-ui-standalone-preset.js 200 339540 - 19.018 ms\n"}
{"level":"info","message":"GET /api-docs/swagger-ui-bundle.js 200 1096221 - 13.510 ms\n"}
{"level":"info","message":"GET /api-docs/favicon-32x32.png 200 628 - 6.170 ms\n"}
{"level":"info","message":"Listening at http://localhost:8080"}
{"level":"info","message":"Connected to database"}
{"level":"info","message":"GET /api-docs/ 304 - - 14.502 ms\n"}
{"level":"info","message":"GET /api-docs/swagger-ui.css 304 - - 6.914 ms\n"}
{"level":"info","message":"GET /api-docs/swagger-ui-init.js 200 2604 - 2.307 ms\n"}
{"level":"info","message":"GET /api-docs/swagger-ui-bundle.js 304 - - 10.764 ms\n"}
{"level":"info","message":"GET /api-docs/swagger-ui-standalone-preset.js 304 - - 11.894 ms\n"}
{"level":"info","message":"GET /api-docs/favicon-32x32.png 304 - - 1.803 ms\n"}
{"level":"info","message":"Listening at http://localhost:8080"}
{"level":"info","message":"Connected to database"}
{"level":"info","message":"Listening at http://localhost:8080"}
{"level":"info","message":"Connected to database"}
{"level":"info","message":"GET /api-docs/ 304 - - 11.953 ms\n"}
{"level":"info","message":"GET /api-docs/swagger-ui.css 304 - - 8.247 ms\n"}
{"level":"info","message":"GET /api-docs/swagger-ui-init.js 200 2870 - 0.797 ms\n"}
{"level":"info","message":"GET /api-docs/swagger-ui-bundle.js 304 - - 12.838 ms\n"}
{"level":"info","message":"GET /api-docs/swagger-ui-standalone-preset.js 304 - - 16.649 ms\n"}
{"level":"info","message":"GET /api-docs/favicon-32x32.png 304 - - 1.495 ms\n"}
{"level":"info","message":"Listening at http://localhost:8080"}
{"level":"info","message":"Connected to database"}
{"level":"info","message":"GET /api-docs/ 304 - - 13.812 ms\n"}
{"level":"info","message":"GET /api-docs/swagger-ui.css 304 - - 7.235 ms\n"}
{"level":"info","message":"GET /api-docs/swagger-ui-init.js 200 2870 - 2.393 ms\n"}
{"level":"info","message":"GET /api-docs/swagger-ui-bundle.js 304 - - 14.262 ms\n"}
{"level":"info","message":"GET /api-docs/swagger-ui-standalone-preset.js 304 - - 16.721 ms\n"}
{"level":"info","message":"GET /api-docs/favicon-32x32.png 304 - - 1.649 ms\n"}
{"level":"info","message":"GET /admin/users 304 - - 50.801 ms\n"}
{"level":"info","message":"Listening at http://localhost:8080"}
{"level":"info","message":"Connected to database"}
{"level":"info","message":"GET /api-docs/ 304 - - 10.324 ms\n"}
{"level":"info","message":"GET /api-docs/swagger-ui.css 304 - - 3.736 ms\n"}
{"level":"info","message":"GET /api-docs/swagger-ui-bundle.js 304 - - 3.316 ms\n"}
{"level":"info","message":"GET /api-docs/swagger-ui-standalone-preset.js 304 - - 8.327 ms\n"}
{"level":"info","message":"GET /api-docs/swagger-ui-init.js 200 3450 - 1.277 ms\n"}
{"level":"info","message":"GET /api-docs/favicon-32x32.png 304 - - 4.424 ms\n"}
{"level":"info","message":"Listening at http://localhost:8080"}
{"level":"info","message":"Connected to database"}
{"level":"info","message":"GET /api-docs/ 304 - - 13.521 ms\n"}
{"level":"info","message":"GET /api-docs/swagger-ui-init.js 200 3511 - 1.042 ms\n"}
{"level":"info","message":"GET /api-docs/swagger-ui.css 304 - - 21.355 ms\n"}
{"level":"info","message":"GET /api-docs/swagger-ui-standalone-preset.js 304 - - 19.561 ms\n"}
{"level":"info","message":"GET /api-docs/swagger-ui-bundle.js 304 - - 21.373 ms\n"}
{"level":"info","message":"GET /api-docs/favicon-32x32.png 304 - - 2.482 ms\n"}
{"level":"info","message":"Listening at http://localhost:8080"}
{"level":"info","message":"Connected to database"}
{"level":"info","message":"GET /api-docs/ 304 - - 12.505 ms\n"}
{"level":"info","message":"GET /api-docs/swagger-ui.css 304 - - 5.787 ms\n"}
{"level":"info","message":"GET /api-docs/swagger-ui-init.js 200 3706 - 0.901 ms\n"}
{"level":"info","message":"GET /api-docs/swagger-ui-bundle.js 304 - - 9.557 ms\n"}
{"level":"info","message":"GET /api-docs/swagger-ui-standalone-preset.js 304 - - 12.589 ms\n"}
{"level":"info","message":"GET /api-docs/favicon-32x32.png 304 - - 1.782 ms\n"}
{"level":"error","message":"Unexpected token } in JSON at position 82"}
{"level":"info","message":"POST /admin/users 400 - - 70.229 ms\n"}
{"level":"info","message":"POST /admin/users 404 151 - 5.247 ms\n"}
{"level":"info","message":"Listening at http://localhost:8080"}
{"level":"info","message":"Connected to database"}
{"level":"info","message":"GET /api-docs/ 304 - - 11.334 ms\n"}
{"level":"info","message":"GET /api-docs/swagger-ui.css 304 - - 6.291 ms\n"}
{"level":"info","message":"GET /api-docs/swagger-ui-init.js 304 - - 0.609 ms\n"}
{"level":"info","message":"GET /api-docs/swagger-ui-bundle.js 304 - - 7.767 ms\n"}
{"level":"info","message":"GET /api-docs/swagger-ui-standalone-preset.js 304 - - 10.634 ms\n"}
{"level":"info","message":"GET /api-docs/favicon-32x32.png 304 - - 2.180 ms\n"}
{"level":"info","message":"POST /admin/users 200 - - 105.301 ms\n"}
{"level":"info","message":"GET /admin/users 200 124 - 49.663 ms\n"}
{"level":"info","message":"Listening at http://localhost:8080"}
{"level":"info","message":"Connected to database"}
{"level":"info","message":"GET /api-docs/ 304 - - 8.652 ms\n"}
{"level":"info","message":"GET /api-docs/swagger-ui.css 304 - - 8.769 ms\n"}
{"level":"info","message":"GET /api-docs/swagger-ui-init.js 304 - - 0.643 ms\n"}
{"level":"info","message":"GET /api-docs/swagger-ui-bundle.js 304 - - 11.981 ms\n"}
{"level":"info","message":"GET /api-docs/swagger-ui-standalone-preset.js 304 - - 11.815 ms\n"}
{"level":"info","message":"GET /api-docs/favicon-32x32.png 304 - - 1.428 ms\n"}
{"level":"info","message":"GET /admin/users 304 - - 52.449 ms\n"}
